============================================
 Walpurgis Training Run
 ID:      walpurgis_METR-LA_20260609_040836
 Dataset: METR-LA
 GPU:     2
 Epochs:  100
 Seed:    42
============================================
[TRAIN] Starting at 04:08:36...
/data/jiacheng/system/cache/temp/atc2026/walpurgis-WTFGG/src/walpurgis/utils/cal_adj.py:68: RuntimeWarning: divide by zero encountered in power
  d_inv = np.power(rowsum, -1).flatten()
[CAS:log] dir=log/2026-06-09-04:08:40

============================================================
  Walpurgis Training Pipeline
  Dataset : METR-LA
  Device  : cuda:0
  Mode    : scratch
  Debug   : False
============================================================

Loaded dataset: 2.61s
Loaded adj: 0.00s
=============== model args =================
|          batch_size:|                  32|
|            num_feat:|                   1|
|          num_hidden:|                  32|
|         node_hidden:|                  10|
|        time_emb_dim:|                  10|
|             dropout:|                0.08|
|          seq_length:|                  12|
|                 k_t:|                   3|
|                 k_s:|                   2|
|                 gap:|                   3|
|      num_modalities:|                   2|
|              device:|              cuda:0|
|           num_nodes:|                 207|
|             dataset:|             METR-LA|
--------------------------------------------
=============== optim args =================
|               lrate:|               0.002|
|         print_model:|               False|
|              wdecay:|               1e-05|
|                 eps:|               1e-08|
|         lr_schedule:|                True|
|       lr_sche_steps:|[1, 30, 38, 46, 54, 62, 70, 80]|
|      lr_decay_ratio:|                 0.5|
|               if_cl:|                True|
|           cl_epochs:|                   6|
|      output_seq_len:|                  12|
|         warm_epochs:|                   5|
|              epochs:|                 100|
|            patience:|                  15|
|          seq_length:|                  12|
|            cl_steps:|                4500|
|          warm_steps:|                3750|
|    _steps_per_epoch:|                 750|
--------------------------------------------
Model params: 440,198
Traceback (most recent call last):
  File "/data/jiacheng/system/cache/temp/atc2026/walpurgis-WTFGG/train_walpurgis.py", line 345, in <module>
    main()
  File "/data/jiacheng/system/cache/temp/atc2026/walpurgis-WTFGG/train_walpurgis.py", line 338, in main
    run(args.dataset, args.device,
  File "/data/jiacheng/system/cache/temp/atc2026/walpurgis-WTFGG/train_walpurgis.py", line 225, in run
    trainx = data_reshaper(x, device)
             ^^^^^^^^^^^^^^^^^^^^^^^^
  File "/data/jiacheng/system/cache/temp/atc2026/walpurgis-WTFGG/src/walpurgis/utils/train.py", line 117, in data_reshaper
    data = torch.from_numpy(data).to(device)
           ^^^^^^^^^^^^^^^^^^^^^^
TypeError: expected np.ndarray (got numpy.ndarray)
